<?xml version="1.0" encoding="UTF-8"?>
<!-- Generated by org.testng.reporters.JUnitReportReporter -->
<testsuite hostname="hp" name="com.eRevMax.Booking.com.CreateReservation" tests="1" failures="0" timestamp="3 Jul 2015 01:43:47 GMT" time="69.823" errors="0">
  <testcase name="login" time="69.823" classname="com.eRevMax.Booking.com.CreateReservation"/>
</testsuite> <!-- com.eRevMax.Booking.com.CreateReservation -->
