<?xml version="1.0" encoding="UTF-8"?>
<!-- Generated by org.testng.reporters.JUnitReportReporter -->
<testsuite hostname="hp" name="com.eRevMax.CMLive.CMLiveLogin" tests="2" failures="0" timestamp="2 Jul 2015 21:27:35 GMT" time="125.912" errors="0">
  <testcase name="login" time="114.334" classname="com.eRevMax.CMLive.CMLiveLogin"/>
  <testcase name="logout" time="11.578" classname="com.eRevMax.CMLive.CMLiveLogin"/>
</testsuite> <!-- com.eRevMax.CMLive.CMLiveLogin -->
