<?xml version="1.0" encoding="UTF-8"?>
<!-- Generated by org.testng.reporters.JUnitReportReporter -->
<testsuite hostname="hp" name="com.eRevMax.Connect.Login" tests="1" failures="0" timestamp="2 Jul 2015 23:40:22 GMT" time="38.401" errors="0">
  <testcase name="login" time="38.401" classname="com.eRevMax.Connect.Login"/>
</testsuite> <!-- com.eRevMax.Connect.Login -->
