<?xml version="1.0" encoding="UTF-8"?>
<!-- Generated by org.testng.reporters.JUnitReportReporter -->
<testsuite hostname="hp" name="com.eRevMax.CMLive.CMLive" tests="1" failures="0" timestamp="1 Jul 2015 16:52:14 GMT" time="58.818" errors="0">
  <testcase name="cmlive" time="58.818" classname="com.eRevMax.CMLive.CMLive"/>
</testsuite> <!-- com.eRevMax.CMLive.CMLive -->
