<?xml version="1.0" encoding="UTF-8"?>
<!-- Generated by org.testng.reporters.JUnitReportReporter -->
<testsuite hostname="hp" name="com.eRevMax.Booking.com.test" tests="1" failures="0" timestamp="3 Jul 2015 01:39:38 GMT" time="30.648" errors="0">
  <testcase name="login" time="30.648" classname="com.eRevMax.Booking.com.test"/>
</testsuite> <!-- com.eRevMax.Booking.com.test -->
