<?xml version="1.0" encoding="UTF-8"?>
<!-- Generated by org.testng.reporters.JUnitReportReporter -->
<testsuite hostname="hp" name="com.eRevMax.Globekey.com.CreateReservation" tests="1" failures="0" timestamp="4 Jul 2015 20:49:39 GMT" time="41.532" errors="0">
  <testcase name="book" time="41.532" classname="com.eRevMax.Globekey.com.CreateReservation"/>
</testsuite> <!-- com.eRevMax.Globekey.com.CreateReservation -->
