<?xml version="1.0" encoding="UTF-8"?>
<!-- Generated by org.testng.reporters.JUnitReportReporter -->
<testsuite hostname="hp" name="com.Booking.Hotels.Test.TestAvailability" tests="1" failures="0" timestamp="16 Aug 2015 05:37:15 GMT" time="5.099" errors="0">
  <testcase name="test_Month_Date_Nights_Selection" time="5.099" classname="com.Booking.Hotels.Test.TestAvailability"/>
</testsuite> <!-- com.Booking.Hotels.Test.TestAvailability -->
